nohup: ignoring input
============================================================
USISIVAC V6 — S6E3 Pipeline v4.0 (LabelEncoder + Ridge Stacking)
============================================================

[1/6] Loading data...
  Train shape: (594194, 21)
  Test shape:  (254655, 20)
  Target distribution:
Churn
0    0.7748
1    0.2252
Name: proportion, dtype: float64
[PROOF] data_loaded: 9b5cf842dc6a29e1
[WORK_LOG] Data Loaded

[2/6] Feature Engineering...
  Categorical columns: ['gender', 'Partner', 'Dependents', 'PhoneService', 'MultipleLines', 'InternetService', 'OnlineSecurity', 'OnlineBackup', 'DeviceProtection', 'TechSupport', 'StreamingTV', 'StreamingMovies', 'Contract', 'PaperlessBilling', 'PaymentMethod']
  New features added: 7
[PROOF] feature_engineering: a08008aaca656d34

[3/6] Applying LabelEncoder to all categorical columns...
  Encoding 15 object columns: ['gender', 'Partner', 'Dependents', 'PhoneService', 'MultipleLines', 'InternetService', 'OnlineSecurity', 'OnlineBackup', 'DeviceProtection', 'TechSupport', 'StreamingTV', 'StreamingMovies', 'Contract', 'PaperlessBilling', 'PaymentMethod']
  X_full shape: (594194, 26)
  X_test shape: (254655, 26)
  All dtypes numeric: True
[PROOF] label_encoding: 9245db011d85b91a
[WORK_LOG] LabelEncoder Applied

[4/6] Training Triple Ensemble (XGB + LGB + CatBoost) with 5-Fold CV...

  --- Fold 1/5 ---
    Training XGBoost...
    XGB Fold 1 AUC: 0.91597
    Training LightGBM...
    LGB Fold 1 AUC: 0.91574
    Training CatBoost...
    CAT Fold 1 AUC: 0.91554
[PROOF] fold_1_training: 24e1a59fe1142ce3

  --- Fold 2/5 ---
    Training XGBoost...
    XGB Fold 2 AUC: 0.91707
    Training LightGBM...
    LGB Fold 2 AUC: 0.91699
    Training CatBoost...
    CAT Fold 2 AUC: 0.91669
[PROOF] fold_2_training: 1ec354fe48d26fa9

  --- Fold 3/5 ---
    Training XGBoost...
    XGB Fold 3 AUC: 0.91656
    Training LightGBM...
    LGB Fold 3 AUC: 0.91635
    Training CatBoost...
    CAT Fold 3 AUC: 0.91598
[PROOF] fold_3_training: f850415d6d927d4d

  --- Fold 4/5 ---
    Training XGBoost...
    XGB Fold 4 AUC: 0.91753
    Training LightGBM...
    LGB Fold 4 AUC: 0.91738
    Training CatBoost...
    CAT Fold 4 AUC: 0.91695
[PROOF] fold_4_training: fc036a6d83b0fb7c

  --- Fold 5/5 ---
    Training XGBoost...
    XGB Fold 5 AUC: 0.91477
    Training LightGBM...
    LGB Fold 5 AUC: 0.91466
    Training CatBoost...
    CAT Fold 5 AUC: 0.91426
[PROOF] fold_5_training: 5efe9448b2676592

  Overall OOF AUC:
    XGBoost:  0.91637
    LightGBM: 0.91621
    CatBoost: 0.91587
[PROOF] triple_ensemble_complete: 7b076f79740a14ff
[WORK_LOG] Triple Ensemble Trained

[5/6] Ridge Meta-Learner Stacking...
  OOF stack shape: (594194, 3)
  Test stack shape: (254655, 3)
  Ridge Coefficients: XGB=0.6077, LGB=0.3020, CAT=0.0926
  Ridge OOF AUC: 0.91647
  Simple Average OOF AUC: 0.91644

  Selected method: Ridge Meta-Learner (OOF AUC: 0.91647)
[PROOF] ridge_stacking: 79326fd05eb3949c
[WORK_LOG] Ridge Meta-Learner Stacking

[6/6] Generating submission.csv...
  Submission saved: /home/ubuntu/Usisivac-V6/reports/submission.csv
  Rows: 254655
  Probability range: [0.0000, 0.9951]
  Mean probability: 0.2181
[PROOF] submission_generated: bd5019626128f91b
[WORK_LOG] Submission Generated

============================================================
PIPELINE COMPLETE — ANTI-SIMULATION VERIFIED
============================================================
  XGBoost OOF AUC:  0.91637
  LightGBM OOF AUC: 0.91621
  CatBoost OOF AUC: 0.91587
  Ridge Stack AUC:  0.91647
  FINAL OOF AUC:    0.91647 (Ridge Meta-Learner)
  Submission:       /home/ubuntu/Usisivac-V6/reports/submission.csv
============================================================

Fold-by-Fold Results:
Fold   XGB        LGB        CAT        Mean      
----------------------------------------------
1      0.91597    0.91574    0.91554    0.91575   
2      0.91707    0.91699    0.91669    0.91692   
3      0.91656    0.91635    0.91598    0.9163    
4      0.91753    0.91738    0.91695    0.91729   
5      0.91477    0.91466    0.91426    0.91457   
